<?xml version="1.0" encoding="UTF-8"?>
<testng-results ignored="0" total="1" passed="1" failed="0" skipped="0">
  <reporter-output>
    <line>
      <![CDATA[Application open]]>
    </line>
    <line>
      <![CDATA[Title not matched]]>
    </line>
    <line>
      <![CDATA[OrangeHRM - New Level of HR Management]]>
    </line>
    <line>
      <![CDATA[Login completed]]>
    </line>
    <line>
      <![CDATA[Title matched]]>
    </line>
    <line>
      <![CDATA[Logout completed]]>
    </line>
    <line>
      <![CDATA[Application closed]]>
    </line>
  </reporter-output>
  <suite started-at="2022-07-31T13:42:33 IST" name="Suite1" finished-at="2022-07-31T13:42:47 IST" duration-ms="14583">
    <groups>
    </groups>
    <test started-at="2022-07-31T13:42:33 IST" name="Regression1" finished-at="2022-07-31T13:42:47 IST" duration-ms="14583">
      <class name="com.hrms.testscripts.TC001">
        <test-method signature="tc001()[pri:0, instance:com.hrms.testscripts.TC001@363ee3a2]" started-at="2022-07-31T13:42:33 IST" name="tc001" finished-at="2022-07-31T13:42:47 IST" duration-ms="14520" status="PASS">
          <reporter-output>
            <line>
              <![CDATA[Application open]]>
            </line>
            <line>
              <![CDATA[Title not matched]]>
            </line>
            <line>
              <![CDATA[OrangeHRM - New Level of HR Management]]>
            </line>
            <line>
              <![CDATA[Login completed]]>
            </line>
            <line>
              <![CDATA[Title matched]]>
            </line>
            <line>
              <![CDATA[Logout completed]]>
            </line>
            <line>
              <![CDATA[Application closed]]>
            </line>
          </reporter-output>
        </test-method> <!-- tc001 -->
      </class> <!-- com.hrms.testscripts.TC001 -->
    </test> <!-- Regression1 -->
  </suite> <!-- Suite1 -->
</testng-results>
